<?xml version="1.0" encoding="UTF-8" ?>
<testsuite failures="0" time="0.051" errors="0" skipped="0" tests="1" name="main.java.com.plm.controller.HomeControllerTest">
  <properties>
    <property name="java.runtime.name" value="Java(TM) SE Runtime Environment"/>
    <property name="sun.boot.library.path" value="C:\Program Files\Java\jre7\bin"/>
    <property name="java.vm.version" value="23.21-b01"/>
    <property name="java.vm.vendor" value="Oracle Corporation"/>
    <property name="java.vendor.url" value="http://java.oracle.com/"/>
    <property name="path.separator" value=";"/>
    <property name="java.vm.name" value="Java HotSpot(TM) 64-Bit Server VM"/>
    <property name="file.encoding.pkg" value="sun.io"/>
    <property name="user.script" value=""/>
    <property name="user.country" value="US"/>
    <property name="sun.java.launcher" value="SUN_STANDARD"/>
    <property name="sun.os.patch.level" value="Service Pack 1"/>
    <property name="java.vm.specification.name" value="Java Virtual Machine Specification"/>
    <property name="user.dir" value="C:\Users\sanket.bharaswadkar\Downloads\MavenWeb\MavenWeb"/>
    <property name="java.runtime.version" value="1.7.0_21-b11"/>
    <property name="java.awt.graphicsenv" value="sun.awt.Win32GraphicsEnvironment"/>
    <property name="basedir" value="C:\Users\sanket.bharaswadkar\Downloads\MavenWeb\MavenWeb"/>
    <property name="java.endorsed.dirs" value="C:\Program Files\Java\jre7\lib\endorsed"/>
    <property name="os.arch" value="amd64"/>
    <property name="surefire.real.class.path" value="C:\Users\sanket.bharaswadkar\Downloads\MavenWeb\MavenWeb\target\surefire\surefirebooter955263197793750989.jar"/>
    <property name="java.io.tmpdir" value="C:\Users\SANKET~1.BHA\AppData\Local\Temp\"/>
    <property name="line.separator" value="
"/>
    <property name="java.vm.specification.vendor" value="Oracle Corporation"/>
    <property name="user.variant" value=""/>
    <property name="os.name" value="Windows 7"/>
    <property name="sun.jnu.encoding" value="Cp1252"/>
    <property name="java.library.path" value="C:\Program Files\Java\jre7\bin;C:\Windows\Sun\Java\bin;C:\Windows\system32;C:\Windows;C:/Program Files/Java/jdk1.7.0_21/bin/../jre/bin/server;C:/Program Files/Java/jdk1.7.0_21/bin/../jre/bin;C:/Program Files/Java/jdk1.7.0_21/bin/../jre/lib/amd64;F:\app\sanket.bharaswadkar\product\11.2.0\dbhome_1\bin;
C:\Windows\system32;
C:\Windows;
C:\Windows\System32\Wbem;
C:\Windows\System32\WindowsPowerShell\v1.0\;
C:\Program Files\Java\jdk1.7.0_21\bin;
C:\strawberry\c\bin;
C:\strawberry\perl\site\bin;
C:\strawberry\perl\bin;
 F:\app\sanket.bharaswadkar\product\11.2.0\dbhome_1\bin;C:\Program Files\Java\jdk1.7.0_21\bin;C:\Users\sanket.bharaswadkar\Downloads\apache-maven-3.0.5-bin\apache-maven-3.0.5\bin;C:\grails-2.2.2\grails-2.2.2\bin;C:\Program Files (x86)\Subversion\bin;C:\Program Files\TortoiseSVN\bin;C:\Users\sanket.bharaswadkar\Downloads\play-2.1.1\play-2.1.1;C:\Users\sanket.bharaswadkar\Downloads\apache-ant-1.9.1-bin\apache-ant-1.9.1\bin;C:\Users\sanket.bharaswadkar\Downloads\eclipse-java-indigo-SR2-win32-x86_64\eclipse;;."/>
    <property name="surefire.test.class.path" value="C:\Users\sanket.bharaswadkar\Downloads\MavenWeb\MavenWeb\target\test-classes;C:\Users\sanket.bharaswadkar\Downloads\MavenWeb\MavenWeb\target\classes;C:\Users\sanket.bharaswadkar\.m2\repository\javax\servlet\servlet-api\2.5\servlet-api-2.5.jar;C:\Users\sanket.bharaswadkar\.m2\repository\org\hibernate\hibernate-entitymanager\4.3.0.Beta3\hibernate-entitymanager-4.3.0.Beta3.jar;C:\Users\sanket.bharaswadkar\.m2\repository\org\jboss\logging\jboss-logging\3.1.0.GA\jboss-logging-3.1.0.GA.jar;C:\Users\sanket.bharaswadkar\.m2\repository\dom4j\dom4j\1.6.1\dom4j-1.6.1.jar;C:\Users\sanket.bharaswadkar\.m2\repository\xml-apis\xml-apis\1.0.b2\xml-apis-1.0.b2.jar;C:\Users\sanket.bharaswadkar\.m2\repository\org\hibernate\common\hibernate-commons-annotations\4.0.2.Final\hibernate-commons-annotations-4.0.2.Final.jar;C:\Users\sanket.bharaswadkar\.m2\repository\org\hibernate\javax\persistence\hibernate-jpa-2.1-api\1.0.0.Draft-16\hibernate-jpa-2.1-api-1.0.0.Draft-16.jar;C:\Users\sanket.bharaswadkar\.m2\repository\org\jboss\spec\javax\transaction\jboss-transaction-api_1.2_spec\1.0.0.Alpha1\jboss-transaction-api_1.2_spec-1.0.0.Alpha1.jar;C:\Users\sanket.bharaswadkar\.m2\repository\org\javassist\javassist\3.15.0-GA\javassist-3.15.0-GA.jar;C:\Users\sanket.bharaswadkar\.m2\repository\org\springframework\spring-context\3.2.3.RELEASE\spring-context-3.2.3.RELEASE.jar;C:\Users\sanket.bharaswadkar\.m2\repository\org\springframework\spring-aop\3.2.3.RELEASE\spring-aop-3.2.3.RELEASE.jar;C:\Users\sanket.bharaswadkar\.m2\repository\org\springframework\spring-beans\3.2.3.RELEASE\spring-beans-3.2.3.RELEASE.jar;C:\Users\sanket.bharaswadkar\.m2\repository\org\springframework\spring-core\3.2.3.RELEASE\spring-core-3.2.3.RELEASE.jar;C:\Users\sanket.bharaswadkar\.m2\repository\commons-logging\commons-logging\1.1.1\commons-logging-1.1.1.jar;C:\Users\sanket.bharaswadkar\.m2\repository\org\springframework\spring-expression\3.2.3.RELEASE\spring-expression-3.2.3.RELEASE.jar;C:\Users\sanket.bharaswadkar\.m2\repository\org\springframework\spring-webmvc\3.2.3.RELEASE\spring-webmvc-3.2.3.RELEASE.jar;C:\Users\sanket.bharaswadkar\.m2\repository\org\springframework\spring-web\3.2.3.RELEASE\spring-web-3.2.3.RELEASE.jar;C:\Users\sanket.bharaswadkar\.m2\repository\aopalliance\aopalliance\1.0\aopalliance-1.0.jar;C:\Users\sanket.bharaswadkar\.m2\repository\jstl\jstl\1.2\jstl-1.2.jar;C:\Users\sanket.bharaswadkar\.m2\repository\taglibs\standard\1.1.2\standard-1.1.2.jar;C:\Users\sanket.bharaswadkar\.m2\repository\org\springframework\spring-tx\3.2.3.RELEASE\spring-tx-3.2.3.RELEASE.jar;C:\Users\sanket.bharaswadkar\.m2\repository\log4j\log4j\1.2.17\log4j-1.2.17.jar;C:\Users\sanket.bharaswadkar\.m2\repository\org\springframework\spring-orm\3.2.3.RELEASE\spring-orm-3.2.3.RELEASE.jar;C:\Users\sanket.bharaswadkar\.m2\repository\commons-dbcp\commons-dbcp\1.2.2\commons-dbcp-1.2.2.jar;C:\Users\sanket.bharaswadkar\.m2\repository\commons-pool\commons-pool\1.3\commons-pool-1.3.jar;C:\Users\sanket.bharaswadkar\.m2\repository\javax\persistence\persistence-api\1.0.2\persistence-api-1.0.2.jar;C:\Users\sanket.bharaswadkar\.m2\repository\org\hibernate\hibernate-core\4.2.3.Final\hibernate-core-4.2.3.Final.jar;C:\Users\sanket.bharaswadkar\.m2\repository\antlr\antlr\2.7.7\antlr-2.7.7.jar;C:\Users\sanket.bharaswadkar\.m2\repository\org\jboss\spec\javax\transaction\jboss-transaction-api_1.1_spec\1.0.1.Final\jboss-transaction-api_1.1_spec-1.0.1.Final.jar;C:\Users\sanket.bharaswadkar\.m2\repository\org\hibernate\javax\persistence\hibernate-jpa-2.0-api\1.0.1.Final\hibernate-jpa-2.0-api-1.0.1.Final.jar;C:\Users\sanket.bharaswadkar\.m2\repository\hsqldb\hsqldb\1.8.0.10\hsqldb-1.8.0.10.jar;C:\Users\sanket.bharaswadkar\.m2\repository\javax\transaction\jta\1.0.1B\jta-1.0.1B.jar;C:\Users\sanket.bharaswadkar\.m2\repository\org\slf4j\slf4j-simple\1.7.5\slf4j-simple-1.7.5.jar;C:\Users\sanket.bharaswadkar\.m2\repository\org\springframework\spring-test\3.2.3.RELEASE\spring-test-3.2.3.RELEASE.jar;C:\Users\sanket.bharaswadkar\.m2\repository\org\springframework\spring-jdbc\3.2.3.RELEASE\spring-jdbc-3.2.3.RELEASE.jar;C:\Users\sanket.bharaswadkar\.m2\repository\javax\servlet\javax.servlet-api\3.1.0\javax.servlet-api-3.1.0.jar;C:\Users\sanket.bharaswadkar\.m2\repository\org\hibernate\hibernate-validator\5.0.1.Final\hibernate-validator-5.0.1.Final.jar;C:\Users\sanket.bharaswadkar\.m2\repository\javax\validation\validation-api\1.1.0.Final\validation-api-1.1.0.Final.jar;C:\Users\sanket.bharaswadkar\.m2\repository\com\fasterxml\classmate\0.8.0\classmate-0.8.0.jar;C:\Users\sanket.bharaswadkar\.m2\repository\junit\junit\4.11\junit-4.11.jar;C:\Users\sanket.bharaswadkar\.m2\repository\org\hamcrest\hamcrest-core\1.3\hamcrest-core-1.3.jar;C:\Users\sanket.bharaswadkar\.m2\repository\org\springframework\security\spring-security-core\3.1.0.RELEASE\spring-security-core-3.1.0.RELEASE.jar;C:\Users\sanket.bharaswadkar\.m2\repository\org\springframework\security\spring-security-crypto\3.1.0.RELEASE\spring-security-crypto-3.1.0.RELEASE.jar;C:\Users\sanket.bharaswadkar\.m2\repository\org\springframework\security\spring-security-web\3.1.0.RELEASE\spring-security-web-3.1.0.RELEASE.jar;C:\Users\sanket.bharaswadkar\.m2\repository\org\springframework\security\spring-security-config\3.1.0.RELEASE\spring-security-config-3.1.0.RELEASE.jar;C:\Users\sanket.bharaswadkar\.m2\repository\org\sitemesh\sitemesh\3.0-alpha-2\sitemesh-3.0-alpha-2.jar;C:\Users\sanket.bharaswadkar\.m2\repository\javax\servlet\jsp-api\2.0\jsp-api-2.0.jar;"/>
    <property name="java.specification.name" value="Java Platform API Specification"/>
    <property name="java.class.version" value="51.0"/>
    <property name="java.net.preferIPv4Stack" value="true"/>
    <property name="sun.management.compiler" value="HotSpot 64-Bit Tiered Compilers"/>
    <property name="os.version" value="6.1"/>
    <property name="user.home" value="C:\Users\sanket.bharaswadkar"/>
    <property name="user.timezone" value=""/>
    <property name="java.awt.printerjob" value="sun.awt.windows.WPrinterJob"/>
    <property name="java.specification.version" value="1.7"/>
    <property name="file.encoding" value="Cp1252"/>
    <property name="user.name" value="sanket.bharaswadkar"/>
    <property name="java.class.path" value="C:\Users\sanket.bharaswadkar\Downloads\MavenWeb\MavenWeb\target\test-classes;C:\Users\sanket.bharaswadkar\Downloads\MavenWeb\MavenWeb\target\classes;C:\Users\sanket.bharaswadkar\.m2\repository\javax\servlet\servlet-api\2.5\servlet-api-2.5.jar;C:\Users\sanket.bharaswadkar\.m2\repository\org\hibernate\hibernate-entitymanager\4.3.0.Beta3\hibernate-entitymanager-4.3.0.Beta3.jar;C:\Users\sanket.bharaswadkar\.m2\repository\org\jboss\logging\jboss-logging\3.1.0.GA\jboss-logging-3.1.0.GA.jar;C:\Users\sanket.bharaswadkar\.m2\repository\dom4j\dom4j\1.6.1\dom4j-1.6.1.jar;C:\Users\sanket.bharaswadkar\.m2\repository\xml-apis\xml-apis\1.0.b2\xml-apis-1.0.b2.jar;C:\Users\sanket.bharaswadkar\.m2\repository\org\hibernate\common\hibernate-commons-annotations\4.0.2.Final\hibernate-commons-annotations-4.0.2.Final.jar;C:\Users\sanket.bharaswadkar\.m2\repository\org\hibernate\javax\persistence\hibernate-jpa-2.1-api\1.0.0.Draft-16\hibernate-jpa-2.1-api-1.0.0.Draft-16.jar;C:\Users\sanket.bharaswadkar\.m2\repository\org\jboss\spec\javax\transaction\jboss-transaction-api_1.2_spec\1.0.0.Alpha1\jboss-transaction-api_1.2_spec-1.0.0.Alpha1.jar;C:\Users\sanket.bharaswadkar\.m2\repository\org\javassist\javassist\3.15.0-GA\javassist-3.15.0-GA.jar;C:\Users\sanket.bharaswadkar\.m2\repository\org\springframework\spring-context\3.2.3.RELEASE\spring-context-3.2.3.RELEASE.jar;C:\Users\sanket.bharaswadkar\.m2\repository\org\springframework\spring-aop\3.2.3.RELEASE\spring-aop-3.2.3.RELEASE.jar;C:\Users\sanket.bharaswadkar\.m2\repository\org\springframework\spring-beans\3.2.3.RELEASE\spring-beans-3.2.3.RELEASE.jar;C:\Users\sanket.bharaswadkar\.m2\repository\org\springframework\spring-core\3.2.3.RELEASE\spring-core-3.2.3.RELEASE.jar;C:\Users\sanket.bharaswadkar\.m2\repository\commons-logging\commons-logging\1.1.1\commons-logging-1.1.1.jar;C:\Users\sanket.bharaswadkar\.m2\repository\org\springframework\spring-expression\3.2.3.RELEASE\spring-expression-3.2.3.RELEASE.jar;C:\Users\sanket.bharaswadkar\.m2\repository\org\springframework\spring-webmvc\3.2.3.RELEASE\spring-webmvc-3.2.3.RELEASE.jar;C:\Users\sanket.bharaswadkar\.m2\repository\org\springframework\spring-web\3.2.3.RELEASE\spring-web-3.2.3.RELEASE.jar;C:\Users\sanket.bharaswadkar\.m2\repository\aopalliance\aopalliance\1.0\aopalliance-1.0.jar;C:\Users\sanket.bharaswadkar\.m2\repository\jstl\jstl\1.2\jstl-1.2.jar;C:\Users\sanket.bharaswadkar\.m2\repository\taglibs\standard\1.1.2\standard-1.1.2.jar;C:\Users\sanket.bharaswadkar\.m2\repository\org\springframework\spring-tx\3.2.3.RELEASE\spring-tx-3.2.3.RELEASE.jar;C:\Users\sanket.bharaswadkar\.m2\repository\log4j\log4j\1.2.17\log4j-1.2.17.jar;C:\Users\sanket.bharaswadkar\.m2\repository\org\springframework\spring-orm\3.2.3.RELEASE\spring-orm-3.2.3.RELEASE.jar;C:\Users\sanket.bharaswadkar\.m2\repository\commons-dbcp\commons-dbcp\1.2.2\commons-dbcp-1.2.2.jar;C:\Users\sanket.bharaswadkar\.m2\repository\commons-pool\commons-pool\1.3\commons-pool-1.3.jar;C:\Users\sanket.bharaswadkar\.m2\repository\javax\persistence\persistence-api\1.0.2\persistence-api-1.0.2.jar;C:\Users\sanket.bharaswadkar\.m2\repository\org\hibernate\hibernate-core\4.2.3.Final\hibernate-core-4.2.3.Final.jar;C:\Users\sanket.bharaswadkar\.m2\repository\antlr\antlr\2.7.7\antlr-2.7.7.jar;C:\Users\sanket.bharaswadkar\.m2\repository\org\jboss\spec\javax\transaction\jboss-transaction-api_1.1_spec\1.0.1.Final\jboss-transaction-api_1.1_spec-1.0.1.Final.jar;C:\Users\sanket.bharaswadkar\.m2\repository\org\hibernate\javax\persistence\hibernate-jpa-2.0-api\1.0.1.Final\hibernate-jpa-2.0-api-1.0.1.Final.jar;C:\Users\sanket.bharaswadkar\.m2\repository\hsqldb\hsqldb\1.8.0.10\hsqldb-1.8.0.10.jar;C:\Users\sanket.bharaswadkar\.m2\repository\javax\transaction\jta\1.0.1B\jta-1.0.1B.jar;C:\Users\sanket.bharaswadkar\.m2\repository\org\slf4j\slf4j-simple\1.7.5\slf4j-simple-1.7.5.jar;C:\Users\sanket.bharaswadkar\.m2\repository\org\springframework\spring-test\3.2.3.RELEASE\spring-test-3.2.3.RELEASE.jar;C:\Users\sanket.bharaswadkar\.m2\repository\org\springframework\spring-jdbc\3.2.3.RELEASE\spring-jdbc-3.2.3.RELEASE.jar;C:\Users\sanket.bharaswadkar\.m2\repository\javax\servlet\javax.servlet-api\3.1.0\javax.servlet-api-3.1.0.jar;C:\Users\sanket.bharaswadkar\.m2\repository\org\hibernate\hibernate-validator\5.0.1.Final\hibernate-validator-5.0.1.Final.jar;C:\Users\sanket.bharaswadkar\.m2\repository\javax\validation\validation-api\1.1.0.Final\validation-api-1.1.0.Final.jar;C:\Users\sanket.bharaswadkar\.m2\repository\com\fasterxml\classmate\0.8.0\classmate-0.8.0.jar;C:\Users\sanket.bharaswadkar\.m2\repository\junit\junit\4.11\junit-4.11.jar;C:\Users\sanket.bharaswadkar\.m2\repository\org\hamcrest\hamcrest-core\1.3\hamcrest-core-1.3.jar;C:\Users\sanket.bharaswadkar\.m2\repository\org\springframework\security\spring-security-core\3.1.0.RELEASE\spring-security-core-3.1.0.RELEASE.jar;C:\Users\sanket.bharaswadkar\.m2\repository\org\springframework\security\spring-security-crypto\3.1.0.RELEASE\spring-security-crypto-3.1.0.RELEASE.jar;C:\Users\sanket.bharaswadkar\.m2\repository\org\springframework\security\spring-security-web\3.1.0.RELEASE\spring-security-web-3.1.0.RELEASE.jar;C:\Users\sanket.bharaswadkar\.m2\repository\org\springframework\security\spring-security-config\3.1.0.RELEASE\spring-security-config-3.1.0.RELEASE.jar;C:\Users\sanket.bharaswadkar\.m2\repository\org\sitemesh\sitemesh\3.0-alpha-2\sitemesh-3.0-alpha-2.jar;C:\Users\sanket.bharaswadkar\.m2\repository\javax\servlet\jsp-api\2.0\jsp-api-2.0.jar;"/>
    <property name="java.vm.specification.version" value="1.7"/>
    <property name="sun.arch.data.model" value="64"/>
    <property name="java.home" value="C:\Program Files\Java\jre7"/>
    <property name="sun.java.command" value="C:\Users\sanket.bharaswadkar\Downloads\MavenWeb\MavenWeb\target\surefire\surefirebooter955263197793750989.jar C:\Users\sanket.bharaswadkar\Downloads\MavenWeb\MavenWeb\target\surefire\surefire5466130439874930188tmp C:\Users\sanket.bharaswadkar\Downloads\MavenWeb\MavenWeb\target\surefire\surefire4042329934850550572tmp"/>
    <property name="java.specification.vendor" value="Oracle Corporation"/>
    <property name="user.language" value="en"/>
    <property name="awt.toolkit" value="sun.awt.windows.WToolkit"/>
    <property name="java.vm.info" value="mixed mode"/>
    <property name="java.version" value="1.7.0_21"/>
    <property name="java.ext.dirs" value="C:\Program Files\Java\jre7\lib\ext;C:\Windows\Sun\Java\lib\ext"/>
    <property name="sun.boot.class.path" value="C:\Program Files\Java\jre7\lib\resources.jar;C:\Program Files\Java\jre7\lib\rt.jar;C:\Program Files\Java\jre7\lib\sunrsasign.jar;C:\Program Files\Java\jre7\lib\jsse.jar;C:\Program Files\Java\jre7\lib\jce.jar;C:\Program Files\Java\jre7\lib\charsets.jar;C:\Program Files\Java\jre7\lib\jfr.jar;C:\Program Files\Java\jre7\classes"/>
    <property name="java.vendor" value="Oracle Corporation"/>
    <property name="localRepository" value="C:\Users\sanket.bharaswadkar\.m2\repository"/>
    <property name="file.separator" value="\"/>
    <property name="java.vendor.url.bug" value="http://bugreport.sun.com/bugreport/"/>
    <property name="sun.cpu.endian" value="little"/>
    <property name="sun.io.unicode.encoding" value="UnicodeLittle"/>
    <property name="sun.desktop" value="windows"/>
    <property name="sun.cpu.isalist" value="amd64"/>
  </properties>
  <testcase time="0.001" classname="main.java.com.plm.controller.HomeControllerTest" name="test"/>
</testsuite>